<?xml version="1.0" encoding="UTF-8"?>
<testng-results ignored="0" total="1" passed="1" failed="0" skipped="0">
  <reporter-output>
  </reporter-output>
  <suite started-at="2022-06-23T14:09:49 BDT" name="Default suite" finished-at="2022-06-23T14:10:36 BDT" duration-ms="46640">
    <groups>
    </groups>
    <test started-at="2022-06-23T14:09:49 BDT" name="Default test" finished-at="2022-06-23T14:10:36 BDT" duration-ms="46640">
      <class name="testCases.TC_1">
        <test-method signature="totalAmountValidation()[pri:0, instance:testCases.TC_1@2a54a73f]" started-at="2022-06-23T14:09:49 BDT" name="totalAmountValidation" finished-at="2022-06-23T14:10:36 BDT" duration-ms="46566" status="PASS">
          <reporter-output>
          </reporter-output>
        </test-method> <!-- totalAmountValidation -->
      </class> <!-- testCases.TC_1 -->
    </test> <!-- Default test -->
  </suite> <!-- Default suite -->
</testng-results>
